
=== Scorevision DB lookup 2026-02-22T04:59:22.125924+00:00 ===
HOTKEY_ME:    5EtFwzQfEE3T9kbLpVCeecCPJQLQ8j19KQZjDLBgJATfTXLB
HOTKEY_OTHER: 5CoJ1BGeMr5yhLuZRTbPtKyKN19GGkKbQeKSL57Ugw51EFD9
N per DB:     5 (last N links from each database)
Compare mode: total

================= Collecting evaluation URLs =================
Me:    20 evaluation URLs
Other: 20 evaluation URLs

================= Fetching evaluation JSONs ==================
Me:    20 tasks with scores
Other: 20 tasks with scores

========================== Summary ===========================
Common tasks: 20
Me wins:      15
Other wins:   5
Ties:         0
Excluded:     0 (score is 0.0/None on either side)
✅ You win  | Average (total, common, incl. 0.0)   - you: 0.768, other: 0.7533 (n=20)
✅ You win  | Average (total, common, excl. 0.0)   - you: 0.768, other: 0.7533 (n=20)
✅ You win  | Average (total, all tasks, incl. 0.0) - you: 0.768, other: 0.7533 (you_n=20, other_n=20)

============= Comparison report (common task_id) =============
Common task_ids: 20

task_id 51310 [block=7597252]  ->  ✅ You win
  ME    evaluation URL: https://pub-b2fdfa5b7a5344f384b6f6015a19a24c.r2.dev/scorevision/results_soccer/5EtFwzQfEE3T9kbLpVCeecCPJQLQ8j19KQZjDLBgJATfTXLB/evaluation/007597252-d46ada66078d5c9ad9f3420cea7875bff6edf4a7e8266d4bb45a25e0cda7e83b.json
        responses  URL: https://pub-b2fdfa5b7a5344f384b6f6015a19a24c.r2.dev/scorevision/results_soccer/5EtFwzQfEE3T9kbLpVCeecCPJQLQ8j19KQZjDLBgJATfTXLB/responses/007597252-d46ada66078d5c9ad9f3420cea7875bff6edf4a7e8266d4bb45a25e0cda7e83b.json
  OTHER evaluation URL: https://pub-b2fdfa5b7a5344f384b6f6015a19a24c.r2.dev/scorevision/results_soccer/5CoJ1BGeMr5yhLuZRTbPtKyKN19GGkKbQeKSL57Ugw51EFD9/evaluation/007597255-d46ada66078d5c9ad9f3420cea7875bff6edf4a7e8266d4bb45a25e0cda7e83b.json
        responses  URL: https://pub-b2fdfa5b7a5344f384b6f6015a19a24c.r2.dev/scorevision/results_soccer/5CoJ1BGeMr5yhLuZRTbPtKyKN19GGkKbQeKSL57Ugw51EFD9/responses/007597255-d46ada66078d5c9ad9f3420cea7875bff6edf4a7e8266d4bb45a25e0cda7e83b.json
  video            URL: https://scoredata.me/chunks/d051c6e6113b4b469a97f0e359cdc0.mp4
  +----------------+-----------+-----------+-----------+-----------+
  |                | keypoint  | bbox      | total     | duration  |
  +----------------+-----------+-----------+-----------+-----------+
  | you            | 0.2422    | 0.8068    | 0.7221    | 130       |
  | other          | 0.2413    | 0.8055    | 0.7209    | 53        |
  +----------------+-----------+-----------+-----------+-----------+

task_id 51111 [block=7597155]  ->  ❌ You lose
  ME    evaluation URL: https://pub-5c8278d7febb4036b4bc7062c4c828c0.r2.dev/scorevision/results_soccer/5EtFwzQfEE3T9kbLpVCeecCPJQLQ8j19KQZjDLBgJATfTXLB/evaluation/007597155-0cd3ecfad5bcbe5be0ba5bbe08fe63830281aeecd7ee0605d12dd60886a6c006.json
        responses  URL: https://pub-5c8278d7febb4036b4bc7062c4c828c0.r2.dev/scorevision/results_soccer/5EtFwzQfEE3T9kbLpVCeecCPJQLQ8j19KQZjDLBgJATfTXLB/responses/007597155-0cd3ecfad5bcbe5be0ba5bbe08fe63830281aeecd7ee0605d12dd60886a6c006.json
  OTHER evaluation URL: https://pub-5c8278d7febb4036b4bc7062c4c828c0.r2.dev/scorevision/results_soccer/5CoJ1BGeMr5yhLuZRTbPtKyKN19GGkKbQeKSL57Ugw51EFD9/evaluation/007597158-0cd3ecfad5bcbe5be0ba5bbe08fe63830281aeecd7ee0605d12dd60886a6c006.json
        responses  URL: https://pub-5c8278d7febb4036b4bc7062c4c828c0.r2.dev/scorevision/results_soccer/5CoJ1BGeMr5yhLuZRTbPtKyKN19GGkKbQeKSL57Ugw51EFD9/responses/007597158-0cd3ecfad5bcbe5be0ba5bbe08fe63830281aeecd7ee0605d12dd60886a6c006.json
  video            URL: https://scoredata.me/chunks/3f37a5d9da364806ababdfcf0e743b.mp4
  +----------------+-----------+-----------+-----------+-----------+
  |                | keypoint  | bbox      | total     | duration  |
  +----------------+-----------+-----------+-----------+-----------+
  | you            | 0.0716    | 0.8918    | 0.7688    | 133       |
  | other          | 0.0735    | 0.9056    | 0.7808    | 59        |
  +----------------+-----------+-----------+-----------+-----------+

task_id 51554 [block=7597085]  ->  ✅ You win
  ME    evaluation URL: https://pub-76c893c4f28248be963f7571f3d8ffa9.r2.dev/scorevision/results_soccer/5EtFwzQfEE3T9kbLpVCeecCPJQLQ8j19KQZjDLBgJATfTXLB/evaluation/007597085-a1cf44fd8935feb44e07196d45c8e7b10d74cfc62908c1c54e9f23f5af36d05b.json
        responses  URL: https://pub-76c893c4f28248be963f7571f3d8ffa9.r2.dev/scorevision/results_soccer/5EtFwzQfEE3T9kbLpVCeecCPJQLQ8j19KQZjDLBgJATfTXLB/responses/007597085-a1cf44fd8935feb44e07196d45c8e7b10d74cfc62908c1c54e9f23f5af36d05b.json
  OTHER evaluation URL: https://pub-76c893c4f28248be963f7571f3d8ffa9.r2.dev/scorevision/results_soccer/5CoJ1BGeMr5yhLuZRTbPtKyKN19GGkKbQeKSL57Ugw51EFD9/evaluation/007597089-a1cf44fd8935feb44e07196d45c8e7b10d74cfc62908c1c54e9f23f5af36d05b.json
        responses  URL: https://pub-76c893c4f28248be963f7571f3d8ffa9.r2.dev/scorevision/results_soccer/5CoJ1BGeMr5yhLuZRTbPtKyKN19GGkKbQeKSL57Ugw51EFD9/responses/007597089-a1cf44fd8935feb44e07196d45c8e7b10d74cfc62908c1c54e9f23f5af36d05b.json
  video            URL: https://scoredata.me/chunks/b56c6c232c8d4b3e983409f2e56c64.mp4
  +----------------+-----------+-----------+-----------+-----------+
  |                | keypoint  | bbox      | total     | duration  |
  +----------------+-----------+-----------+-----------+-----------+
  | you            | 0.0705    | 0.8576    | 0.7395    | 132       |
  | other          | 0.096     | 0.8189    | 0.7105    | 47        |
  +----------------+-----------+-----------+-----------+-----------+

task_id 51499 [block=7597067]  ->  ✅ You win
  ME    evaluation URL: https://pub-7b4130b6af75472f800371248bca15b6.r2.dev/scorevision/results_soccer/5EtFwzQfEE3T9kbLpVCeecCPJQLQ8j19KQZjDLBgJATfTXLB/evaluation/007597067-21a97332add7b34509ff88e9a55e065feaa59ff0be5a162a6ec7dccd8e57ac5f.json
        responses  URL: https://pub-7b4130b6af75472f800371248bca15b6.r2.dev/scorevision/results_soccer/5EtFwzQfEE3T9kbLpVCeecCPJQLQ8j19KQZjDLBgJATfTXLB/responses/007597067-21a97332add7b34509ff88e9a55e065feaa59ff0be5a162a6ec7dccd8e57ac5f.json
  OTHER evaluation URL: https://pub-7b4130b6af75472f800371248bca15b6.r2.dev/scorevision/results_soccer/5CoJ1BGeMr5yhLuZRTbPtKyKN19GGkKbQeKSL57Ugw51EFD9/evaluation/007597076-21a97332add7b34509ff88e9a55e065feaa59ff0be5a162a6ec7dccd8e57ac5f.json
        responses  URL: https://pub-7b4130b6af75472f800371248bca15b6.r2.dev/scorevision/results_soccer/5CoJ1BGeMr5yhLuZRTbPtKyKN19GGkKbQeKSL57Ugw51EFD9/responses/007597076-21a97332add7b34509ff88e9a55e065feaa59ff0be5a162a6ec7dccd8e57ac5f.json
  video            URL: https://scoredata.me/chunks/dcb75324133c470697ce626f17e786.mp4
  +----------------+-----------+-----------+-----------+-----------+
  |                | keypoint  | bbox      | total     | duration  |
  +----------------+-----------+-----------+-----------+-----------+
  | you            | 0.3507    | 0.8896    | 0.8087    | 132       |
  | other          | 0.2388    | 0.8799    | 0.7837    | 57        |
  +----------------+-----------+-----------+-----------+-----------+

task_id 51158 [block=7596977]  ->  ✅ You win
  ME    evaluation URL: https://pub-b2fdfa5b7a5344f384b6f6015a19a24c.r2.dev/scorevision/results_soccer/5EtFwzQfEE3T9kbLpVCeecCPJQLQ8j19KQZjDLBgJATfTXLB/evaluation/007596977-9e95263792919d52848fb030447e0cdf38ed3e31dff49782fac3db08b5dfe7c9.json
        responses  URL: https://pub-b2fdfa5b7a5344f384b6f6015a19a24c.r2.dev/scorevision/results_soccer/5EtFwzQfEE3T9kbLpVCeecCPJQLQ8j19KQZjDLBgJATfTXLB/responses/007596977-9e95263792919d52848fb030447e0cdf38ed3e31dff49782fac3db08b5dfe7c9.json
  OTHER evaluation URL: https://pub-b2fdfa5b7a5344f384b6f6015a19a24c.r2.dev/scorevision/results_soccer/5CoJ1BGeMr5yhLuZRTbPtKyKN19GGkKbQeKSL57Ugw51EFD9/evaluation/007596981-9e95263792919d52848fb030447e0cdf38ed3e31dff49782fac3db08b5dfe7c9.json
        responses  URL: https://pub-b2fdfa5b7a5344f384b6f6015a19a24c.r2.dev/scorevision/results_soccer/5CoJ1BGeMr5yhLuZRTbPtKyKN19GGkKbQeKSL57Ugw51EFD9/responses/007596981-9e95263792919d52848fb030447e0cdf38ed3e31dff49782fac3db08b5dfe7c9.json
  video            URL: https://scoredata.me/chunks/7fcb52da04f14eaa983b0361eb854f.mp4
  +----------------+-----------+-----------+-----------+-----------+
  |                | keypoint  | bbox      | total     | duration  |
  +----------------+-----------+-----------+-----------+-----------+
  | you            | 0.3138    | 0.9155    | 0.8252    | 132       |
  | other          | 0.1903    | 0.896     | 0.7901    | 60        |
  +----------------+-----------+-----------+-----------+-----------+

task_id 51210 [block=7596502]  ->  ✅ You win
  ME    evaluation URL: https://pub-76c893c4f28248be963f7571f3d8ffa9.r2.dev/scorevision/results_soccer/5EtFwzQfEE3T9kbLpVCeecCPJQLQ8j19KQZjDLBgJATfTXLB/evaluation/007596502-b63075c41ecec2af2fa077c479655681f85ac8a2ebda843cf154a77bcfbea5df.json
        responses  URL: https://pub-76c893c4f28248be963f7571f3d8ffa9.r2.dev/scorevision/results_soccer/5EtFwzQfEE3T9kbLpVCeecCPJQLQ8j19KQZjDLBgJATfTXLB/responses/007596502-b63075c41ecec2af2fa077c479655681f85ac8a2ebda843cf154a77bcfbea5df.json
  OTHER evaluation URL: https://pub-76c893c4f28248be963f7571f3d8ffa9.r2.dev/scorevision/results_soccer/5CoJ1BGeMr5yhLuZRTbPtKyKN19GGkKbQeKSL57Ugw51EFD9/evaluation/007596505-b63075c41ecec2af2fa077c479655681f85ac8a2ebda843cf154a77bcfbea5df.json
        responses  URL: https://pub-76c893c4f28248be963f7571f3d8ffa9.r2.dev/scorevision/results_soccer/5CoJ1BGeMr5yhLuZRTbPtKyKN19GGkKbQeKSL57Ugw51EFD9/responses/007596505-b63075c41ecec2af2fa077c479655681f85ac8a2ebda843cf154a77bcfbea5df.json
  video            URL: https://scoredata.me/chunks/adced656ab1f4adca3d8365aacca86.mp4
  +----------------+-----------+-----------+-----------+-----------+
  |                | keypoint  | bbox      | total     | duration  |
  +----------------+-----------+-----------+-----------+-----------+
  | you            | 0.282     | 0.9089    | 0.8149    | 118       |
  | other          | 0.268     | 0.8599    | 0.7711    | 51        |
  +----------------+-----------+-----------+-----------+-----------+

task_id 51242 [block=7596493]  ->  ✅ You win
  ME    evaluation URL: https://pub-5c8278d7febb4036b4bc7062c4c828c0.r2.dev/scorevision/results_soccer/5EtFwzQfEE3T9kbLpVCeecCPJQLQ8j19KQZjDLBgJATfTXLB/evaluation/007596493-d7ff1fca4ab22c821630501e29ae524578be162691f279759f876aec7cc72170.json
        responses  URL: https://pub-5c8278d7febb4036b4bc7062c4c828c0.r2.dev/scorevision/results_soccer/5EtFwzQfEE3T9kbLpVCeecCPJQLQ8j19KQZjDLBgJATfTXLB/responses/007596493-d7ff1fca4ab22c821630501e29ae524578be162691f279759f876aec7cc72170.json
  OTHER evaluation URL: https://pub-5c8278d7febb4036b4bc7062c4c828c0.r2.dev/scorevision/results_soccer/5CoJ1BGeMr5yhLuZRTbPtKyKN19GGkKbQeKSL57Ugw51EFD9/evaluation/007596497-d7ff1fca4ab22c821630501e29ae524578be162691f279759f876aec7cc72170.json
        responses  URL: https://pub-5c8278d7febb4036b4bc7062c4c828c0.r2.dev/scorevision/results_soccer/5CoJ1BGeMr5yhLuZRTbPtKyKN19GGkKbQeKSL57Ugw51EFD9/responses/007596497-d7ff1fca4ab22c821630501e29ae524578be162691f279759f876aec7cc72170.json
  video            URL: https://scoredata.me/chunks/dc3d1d039aad474bb9de13f5eb9d62.mp4
  +----------------+-----------+-----------+-----------+-----------+
  |                | keypoint  | bbox      | total     | duration  |
  +----------------+-----------+-----------+-----------+-----------+
  | you            | 0.3123    | 0.8878    | 0.8015    | 139       |
  | other          | 0.2439    | 0.8972    | 0.7992    | 61        |
  +----------------+-----------+-----------+-----------+-----------+

task_id 51360 [block=7596233]  ->  ❌ You lose
  ME    evaluation URL: https://pub-7b4130b6af75472f800371248bca15b6.r2.dev/scorevision/results_soccer/5EtFwzQfEE3T9kbLpVCeecCPJQLQ8j19KQZjDLBgJATfTXLB/evaluation/007596233-37eb181d18de160002e0cff202e27f881f58c20106bab03f360c674aa7c4e454.json
        responses  URL: https://pub-7b4130b6af75472f800371248bca15b6.r2.dev/scorevision/results_soccer/5EtFwzQfEE3T9kbLpVCeecCPJQLQ8j19KQZjDLBgJATfTXLB/responses/007596233-37eb181d18de160002e0cff202e27f881f58c20106bab03f360c674aa7c4e454.json
  OTHER evaluation URL: https://pub-7b4130b6af75472f800371248bca15b6.r2.dev/scorevision/results_soccer/5CoJ1BGeMr5yhLuZRTbPtKyKN19GGkKbQeKSL57Ugw51EFD9/evaluation/007596241-37eb181d18de160002e0cff202e27f881f58c20106bab03f360c674aa7c4e454.json
        responses  URL: https://pub-7b4130b6af75472f800371248bca15b6.r2.dev/scorevision/results_soccer/5CoJ1BGeMr5yhLuZRTbPtKyKN19GGkKbQeKSL57Ugw51EFD9/responses/007596241-37eb181d18de160002e0cff202e27f881f58c20106bab03f360c674aa7c4e454.json
  video            URL: https://scoredata.me/chunks/aebb1445bb0e430ea98271b9e1303e.mp4
  +----------------+-----------+-----------+-----------+-----------+
  |                | keypoint  | bbox      | total     | duration  |
  +----------------+-----------+-----------+-----------+-----------+
  | you            | 0.4718    | 0.8028    | 0.7532    | 121       |
  | other          | 0.4648    | 0.8782    | 0.8162    | 54        |
  +----------------+-----------+-----------+-----------+-----------+

task_id 51536 [block=7596205]  ->  ✅ You win
  ME    evaluation URL: https://pub-76c893c4f28248be963f7571f3d8ffa9.r2.dev/scorevision/results_soccer/5EtFwzQfEE3T9kbLpVCeecCPJQLQ8j19KQZjDLBgJATfTXLB/evaluation/007596205-c09c0efe983bfc01e8dce31af1f84fef8019f9fb82af736122d148cbdc0bbd89.json
        responses  URL: https://pub-76c893c4f28248be963f7571f3d8ffa9.r2.dev/scorevision/results_soccer/5EtFwzQfEE3T9kbLpVCeecCPJQLQ8j19KQZjDLBgJATfTXLB/responses/007596205-c09c0efe983bfc01e8dce31af1f84fef8019f9fb82af736122d148cbdc0bbd89.json
  OTHER evaluation URL: https://pub-76c893c4f28248be963f7571f3d8ffa9.r2.dev/scorevision/results_soccer/5CoJ1BGeMr5yhLuZRTbPtKyKN19GGkKbQeKSL57Ugw51EFD9/evaluation/007596208-c09c0efe983bfc01e8dce31af1f84fef8019f9fb82af736122d148cbdc0bbd89.json
        responses  URL: https://pub-76c893c4f28248be963f7571f3d8ffa9.r2.dev/scorevision/results_soccer/5CoJ1BGeMr5yhLuZRTbPtKyKN19GGkKbQeKSL57Ugw51EFD9/responses/007596208-c09c0efe983bfc01e8dce31af1f84fef8019f9fb82af736122d148cbdc0bbd89.json
  video            URL: https://scoredata.me/chunks/624ce369833042d1b1548d6b5e15ab.mp4
  +----------------+-----------+-----------+-----------+-----------+
  |                | keypoint  | bbox      | total     | duration  |
  +----------------+-----------+-----------+-----------+-----------+
  | you            | 0.3315    | 0.814     | 0.7417    | 134       |
  | other          | 0.2549    | 0.8112    | 0.7277    | 53        |
  +----------------+-----------+-----------+-----------+-----------+

task_id 51628 [block=7596176]  ->  ✅ You win
  ME    evaluation URL: https://pub-5c8278d7febb4036b4bc7062c4c828c0.r2.dev/scorevision/results_soccer/5EtFwzQfEE3T9kbLpVCeecCPJQLQ8j19KQZjDLBgJATfTXLB/evaluation/007596176-e28eb47b66468d35b46e53db75ac95cd1027b3aacc95cdc8d36011c39e7a570d.json
        responses  URL: https://pub-5c8278d7febb4036b4bc7062c4c828c0.r2.dev/scorevision/results_soccer/5EtFwzQfEE3T9kbLpVCeecCPJQLQ8j19KQZjDLBgJATfTXLB/responses/007596176-e28eb47b66468d35b46e53db75ac95cd1027b3aacc95cdc8d36011c39e7a570d.json
  OTHER evaluation URL: https://pub-5c8278d7febb4036b4bc7062c4c828c0.r2.dev/scorevision/results_soccer/5CoJ1BGeMr5yhLuZRTbPtKyKN19GGkKbQeKSL57Ugw51EFD9/evaluation/007596180-e28eb47b66468d35b46e53db75ac95cd1027b3aacc95cdc8d36011c39e7a570d.json
        responses  URL: https://pub-5c8278d7febb4036b4bc7062c4c828c0.r2.dev/scorevision/results_soccer/5CoJ1BGeMr5yhLuZRTbPtKyKN19GGkKbQeKSL57Ugw51EFD9/responses/007596180-e28eb47b66468d35b46e53db75ac95cd1027b3aacc95cdc8d36011c39e7a570d.json
  video            URL: https://scoredata.me/chunks/49fc343578954af2910b3028957b63.mp4
  +----------------+-----------+-----------+-----------+-----------+
  |                | keypoint  | bbox      | total     | duration  |
  +----------------+-----------+-----------+-----------+-----------+
  | you            | 0.2055    | 0.7118    | 0.6359    | 134       |
  | other          | 0.2081    | 0.7073    | 0.6324    | 55        |
  +----------------+-----------+-----------+-----------+-----------+

task_id 51454 [block=7596077]  ->  ✅ You win
  ME    evaluation URL: https://pub-b2fdfa5b7a5344f384b6f6015a19a24c.r2.dev/scorevision/results_soccer/5EtFwzQfEE3T9kbLpVCeecCPJQLQ8j19KQZjDLBgJATfTXLB/evaluation/007596077-052be8c03f14d90dcc7ed463a73f44c9973beeab369e8b54e73dcb6c64eda675.json
        responses  URL: https://pub-b2fdfa5b7a5344f384b6f6015a19a24c.r2.dev/scorevision/results_soccer/5EtFwzQfEE3T9kbLpVCeecCPJQLQ8j19KQZjDLBgJATfTXLB/responses/007596077-052be8c03f14d90dcc7ed463a73f44c9973beeab369e8b54e73dcb6c64eda675.json
  OTHER evaluation URL: https://pub-b2fdfa5b7a5344f384b6f6015a19a24c.r2.dev/scorevision/results_soccer/5CoJ1BGeMr5yhLuZRTbPtKyKN19GGkKbQeKSL57Ugw51EFD9/evaluation/007596080-052be8c03f14d90dcc7ed463a73f44c9973beeab369e8b54e73dcb6c64eda675.json
        responses  URL: https://pub-b2fdfa5b7a5344f384b6f6015a19a24c.r2.dev/scorevision/results_soccer/5CoJ1BGeMr5yhLuZRTbPtKyKN19GGkKbQeKSL57Ugw51EFD9/responses/007596080-052be8c03f14d90dcc7ed463a73f44c9973beeab369e8b54e73dcb6c64eda675.json
  video            URL: https://scoredata.me/chunks/06e264b215fe4f18b8b1bcffa81033.mp4
  +----------------+-----------+-----------+-----------+-----------+
  |                | keypoint  | bbox      | total     | duration  |
  +----------------+-----------+-----------+-----------+-----------+
  | you            | 0.451     | 0.8807    | 0.8163    | 125       |
  | other          | 0.3746    | 0.831     | 0.7626    | 57        |
  +----------------+-----------+-----------+-----------+-----------+

task_id 51186 [block=7595960]  ->  ❌ You lose
  ME    evaluation URL: https://pub-7b4130b6af75472f800371248bca15b6.r2.dev/scorevision/results_soccer/5EtFwzQfEE3T9kbLpVCeecCPJQLQ8j19KQZjDLBgJATfTXLB/evaluation/007595960-934f383901b0ccd23d32b94cb1d60a70aec16ed4c3990957697648d25b126dc3.json
        responses  URL: https://pub-7b4130b6af75472f800371248bca15b6.r2.dev/scorevision/results_soccer/5EtFwzQfEE3T9kbLpVCeecCPJQLQ8j19KQZjDLBgJATfTXLB/responses/007595960-934f383901b0ccd23d32b94cb1d60a70aec16ed4c3990957697648d25b126dc3.json
  OTHER evaluation URL: https://pub-7b4130b6af75472f800371248bca15b6.r2.dev/scorevision/results_soccer/5CoJ1BGeMr5yhLuZRTbPtKyKN19GGkKbQeKSL57Ugw51EFD9/evaluation/007595967-934f383901b0ccd23d32b94cb1d60a70aec16ed4c3990957697648d25b126dc3.json
        responses  URL: https://pub-7b4130b6af75472f800371248bca15b6.r2.dev/scorevision/results_soccer/5CoJ1BGeMr5yhLuZRTbPtKyKN19GGkKbQeKSL57Ugw51EFD9/responses/007595967-934f383901b0ccd23d32b94cb1d60a70aec16ed4c3990957697648d25b126dc3.json
  video            URL: https://scoredata.me/chunks/0b0862ff3e4645b1b80753b1ec77e4.mp4
  +----------------+-----------+-----------+-----------+-----------+
  |                | keypoint  | bbox      | total     | duration  |
  +----------------+-----------+-----------+-----------+-----------+
  | you            | 0.457     | 0.854     | 0.7945    | 140       |
  | other          | 0.4225    | 0.9071    | 0.8344    | 57        |
  +----------------+-----------+-----------+-----------+-----------+

task_id 51538 [block=7595898]  ->  ❌ You lose
  ME    evaluation URL: https://pub-76c893c4f28248be963f7571f3d8ffa9.r2.dev/scorevision/results_soccer/5EtFwzQfEE3T9kbLpVCeecCPJQLQ8j19KQZjDLBgJATfTXLB/evaluation/007595898-8f5d417a5a1821cf994e78d0f2315c48172d80e5f3429772b5494104c4676123.json
        responses  URL: https://pub-76c893c4f28248be963f7571f3d8ffa9.r2.dev/scorevision/results_soccer/5EtFwzQfEE3T9kbLpVCeecCPJQLQ8j19KQZjDLBgJATfTXLB/responses/007595898-8f5d417a5a1821cf994e78d0f2315c48172d80e5f3429772b5494104c4676123.json
  OTHER evaluation URL: https://pub-76c893c4f28248be963f7571f3d8ffa9.r2.dev/scorevision/results_soccer/5CoJ1BGeMr5yhLuZRTbPtKyKN19GGkKbQeKSL57Ugw51EFD9/evaluation/007595901-8f5d417a5a1821cf994e78d0f2315c48172d80e5f3429772b5494104c4676123.json
        responses  URL: https://pub-76c893c4f28248be963f7571f3d8ffa9.r2.dev/scorevision/results_soccer/5CoJ1BGeMr5yhLuZRTbPtKyKN19GGkKbQeKSL57Ugw51EFD9/responses/007595901-8f5d417a5a1821cf994e78d0f2315c48172d80e5f3429772b5494104c4676123.json
  video            URL: https://scoredata.me/chunks/2245ecb99e964c7e9c2a454cb4806a.mp4
  +----------------+-----------+-----------+-----------+-----------+
  |                | keypoint  | bbox      | total     | duration  |
  +----------------+-----------+-----------+-----------+-----------+
  | you            | 0.28      | 0.8475    | 0.7624    | 142       |
  | other          | 0.2519    | 0.8614    | 0.77      | 55        |
  +----------------+-----------+-----------+-----------+-----------+

task_id 51317 [block=7595696]  ->  ✅ You win
  ME    evaluation URL: https://pub-b2fdfa5b7a5344f384b6f6015a19a24c.r2.dev/scorevision/results_soccer/5EtFwzQfEE3T9kbLpVCeecCPJQLQ8j19KQZjDLBgJATfTXLB/evaluation/007595696-a0610fc2ac92e04f4d54d9dee32fd6c980b6407bc1bf74249a014be7b2218c1f.json
        responses  URL: https://pub-b2fdfa5b7a5344f384b6f6015a19a24c.r2.dev/scorevision/results_soccer/5EtFwzQfEE3T9kbLpVCeecCPJQLQ8j19KQZjDLBgJATfTXLB/responses/007595696-a0610fc2ac92e04f4d54d9dee32fd6c980b6407bc1bf74249a014be7b2218c1f.json
  OTHER evaluation URL: https://pub-b2fdfa5b7a5344f384b6f6015a19a24c.r2.dev/scorevision/results_soccer/5CoJ1BGeMr5yhLuZRTbPtKyKN19GGkKbQeKSL57Ugw51EFD9/evaluation/007595699-a0610fc2ac92e04f4d54d9dee32fd6c980b6407bc1bf74249a014be7b2218c1f.json
        responses  URL: https://pub-b2fdfa5b7a5344f384b6f6015a19a24c.r2.dev/scorevision/results_soccer/5CoJ1BGeMr5yhLuZRTbPtKyKN19GGkKbQeKSL57Ugw51EFD9/responses/007595699-a0610fc2ac92e04f4d54d9dee32fd6c980b6407bc1bf74249a014be7b2218c1f.json
  video            URL: https://scoredata.me/chunks/ebd7d6bf08fb4123885009f8ddf273.mp4
  +----------------+-----------+-----------+-----------+-----------+
  |                | keypoint  | bbox      | total     | duration  |
  +----------------+-----------+-----------+-----------+-----------+
  | you            | 0.3526    | 0.8039    | 0.7362    | 134       |
  | other          | 0.3111    | 0.8044    | 0.7304    | 58        |
  +----------------+-----------+-----------+-----------+-----------+

task_id 51358 [block=7595647]  ->  ✅ You win
  ME    evaluation URL: https://pub-7b4130b6af75472f800371248bca15b6.r2.dev/scorevision/results_soccer/5EtFwzQfEE3T9kbLpVCeecCPJQLQ8j19KQZjDLBgJATfTXLB/evaluation/007595647-a1e548b886f7667cc28923f8c8bc251d3830e9e1424d031b99c96adeb4ba372f.json
        responses  URL: https://pub-7b4130b6af75472f800371248bca15b6.r2.dev/scorevision/results_soccer/5EtFwzQfEE3T9kbLpVCeecCPJQLQ8j19KQZjDLBgJATfTXLB/responses/007595647-a1e548b886f7667cc28923f8c8bc251d3830e9e1424d031b99c96adeb4ba372f.json
  OTHER evaluation URL: https://pub-7b4130b6af75472f800371248bca15b6.r2.dev/scorevision/results_soccer/5CoJ1BGeMr5yhLuZRTbPtKyKN19GGkKbQeKSL57Ugw51EFD9/evaluation/007595656-a1e548b886f7667cc28923f8c8bc251d3830e9e1424d031b99c96adeb4ba372f.json
        responses  URL: https://pub-7b4130b6af75472f800371248bca15b6.r2.dev/scorevision/results_soccer/5CoJ1BGeMr5yhLuZRTbPtKyKN19GGkKbQeKSL57Ugw51EFD9/responses/007595656-a1e548b886f7667cc28923f8c8bc251d3830e9e1424d031b99c96adeb4ba372f.json
  video            URL: https://scoredata.me/chunks/ea968b1f66334ddd91ee6707d6ea6c.mp4
  +----------------+-----------+-----------+-----------+-----------+
  |                | keypoint  | bbox      | total     | duration  |
  +----------------+-----------+-----------+-----------+-----------+
  | you            | 0.3717    | 0.8572    | 0.7844    | 132       |
  | other          | 0.3245    | 0.8236    | 0.7487    | 59        |
  +----------------+-----------+-----------+-----------+-----------+

task_id 53091 [block=7595589]  ->  ✅ You win
  ME    evaluation URL: https://pub-76c893c4f28248be963f7571f3d8ffa9.r2.dev/scorevision/results_soccer/5EtFwzQfEE3T9kbLpVCeecCPJQLQ8j19KQZjDLBgJATfTXLB/evaluation/007595589-dfa79edeba807b31ca4783d84356168da8e4e39873b1bd97c91c70656d9b5a80.json
        responses  URL: https://pub-76c893c4f28248be963f7571f3d8ffa9.r2.dev/scorevision/results_soccer/5EtFwzQfEE3T9kbLpVCeecCPJQLQ8j19KQZjDLBgJATfTXLB/responses/007595589-dfa79edeba807b31ca4783d84356168da8e4e39873b1bd97c91c70656d9b5a80.json
  OTHER evaluation URL: https://pub-76c893c4f28248be963f7571f3d8ffa9.r2.dev/scorevision/results_soccer/5CoJ1BGeMr5yhLuZRTbPtKyKN19GGkKbQeKSL57Ugw51EFD9/evaluation/007595592-dfa79edeba807b31ca4783d84356168da8e4e39873b1bd97c91c70656d9b5a80.json
        responses  URL: https://pub-76c893c4f28248be963f7571f3d8ffa9.r2.dev/scorevision/results_soccer/5CoJ1BGeMr5yhLuZRTbPtKyKN19GGkKbQeKSL57Ugw51EFD9/responses/007595592-dfa79edeba807b31ca4783d84356168da8e4e39873b1bd97c91c70656d9b5a80.json
  video            URL: https://scoredata.me/chunks/fae23958f4cf49eaa31828c744851b.mp4
  +----------------+-----------+-----------+-----------+-----------+
  |                | keypoint  | bbox      | total     | duration  |
  +----------------+-----------+-----------+-----------+-----------+
  | you            | 0.417     | 0.8382    | 0.775     | 140       |
  | other          | 0.3376    | 0.794     | 0.7255    | 58        |
  +----------------+-----------+-----------+-----------+-----------+

task_id 51426 [block=7595561]  ->  ✅ You win
  ME    evaluation URL: https://pub-5c8278d7febb4036b4bc7062c4c828c0.r2.dev/scorevision/results_soccer/5EtFwzQfEE3T9kbLpVCeecCPJQLQ8j19KQZjDLBgJATfTXLB/evaluation/007595561-4f10dc0bbbb2ab903727e91fe919684cc93498be845351349bbf442895358ab5.json
        responses  URL: https://pub-5c8278d7febb4036b4bc7062c4c828c0.r2.dev/scorevision/results_soccer/5EtFwzQfEE3T9kbLpVCeecCPJQLQ8j19KQZjDLBgJATfTXLB/responses/007595561-4f10dc0bbbb2ab903727e91fe919684cc93498be845351349bbf442895358ab5.json
  OTHER evaluation URL: https://pub-5c8278d7febb4036b4bc7062c4c828c0.r2.dev/scorevision/results_soccer/5CoJ1BGeMr5yhLuZRTbPtKyKN19GGkKbQeKSL57Ugw51EFD9/evaluation/007595565-4f10dc0bbbb2ab903727e91fe919684cc93498be845351349bbf442895358ab5.json
        responses  URL: https://pub-5c8278d7febb4036b4bc7062c4c828c0.r2.dev/scorevision/results_soccer/5CoJ1BGeMr5yhLuZRTbPtKyKN19GGkKbQeKSL57Ugw51EFD9/responses/007595565-4f10dc0bbbb2ab903727e91fe919684cc93498be845351349bbf442895358ab5.json
  video            URL: https://scoredata.me/chunks/3bb7fccdc0304a548d2db9b89f18c3.mp4
  +----------------+-----------+-----------+-----------+-----------+
  |                | keypoint  | bbox      | total     | duration  |
  +----------------+-----------+-----------+-----------+-----------+
  | you            | 0.4215    | 0.8601    | 0.7943    | 139       |
  | other          | 0.3048    | 0.8386    | 0.7585    | 59        |
  +----------------+-----------+-----------+-----------+-----------+

task_id 53108 [block=7595432]  ->  ❌ You lose
  ME    evaluation URL: https://pub-b2fdfa5b7a5344f384b6f6015a19a24c.r2.dev/scorevision/results_soccer/5EtFwzQfEE3T9kbLpVCeecCPJQLQ8j19KQZjDLBgJATfTXLB/evaluation/007595432-a401952cba4069eaacd7f19dc14e37f02f965e1bcc41070ebf98ea81c00a5ca6.json
        responses  URL: https://pub-b2fdfa5b7a5344f384b6f6015a19a24c.r2.dev/scorevision/results_soccer/5EtFwzQfEE3T9kbLpVCeecCPJQLQ8j19KQZjDLBgJATfTXLB/responses/007595432-a401952cba4069eaacd7f19dc14e37f02f965e1bcc41070ebf98ea81c00a5ca6.json
  OTHER evaluation URL: https://pub-b2fdfa5b7a5344f384b6f6015a19a24c.r2.dev/scorevision/results_soccer/5CoJ1BGeMr5yhLuZRTbPtKyKN19GGkKbQeKSL57Ugw51EFD9/evaluation/007595435-a401952cba4069eaacd7f19dc14e37f02f965e1bcc41070ebf98ea81c00a5ca6.json
        responses  URL: https://pub-b2fdfa5b7a5344f384b6f6015a19a24c.r2.dev/scorevision/results_soccer/5CoJ1BGeMr5yhLuZRTbPtKyKN19GGkKbQeKSL57Ugw51EFD9/responses/007595435-a401952cba4069eaacd7f19dc14e37f02f965e1bcc41070ebf98ea81c00a5ca6.json
  video            URL: https://scoredata.me/chunks/2c9b94c969fc447bba0514fe50d6b3.mp4
  +----------------+-----------+-----------+-----------+-----------+
  |                | keypoint  | bbox      | total     | duration  |
  +----------------+-----------+-----------+-----------+-----------+
  | you            | 0.1794    | 0.7647    | 0.6769    | 123       |
  | other          | 0.1599    | 0.8133    | 0.7153    | 54        |
  +----------------+-----------+-----------+-----------+-----------+

task_id 51321 [block=7595373]  ->  ✅ You win
  ME    evaluation URL: https://pub-7b4130b6af75472f800371248bca15b6.r2.dev/scorevision/results_soccer/5EtFwzQfEE3T9kbLpVCeecCPJQLQ8j19KQZjDLBgJATfTXLB/evaluation/007595373-e4de8e827710ca1b5b26002fc0ee80a4878793f129e8b95e0d1831c8ec81b813.json
        responses  URL: https://pub-7b4130b6af75472f800371248bca15b6.r2.dev/scorevision/results_soccer/5EtFwzQfEE3T9kbLpVCeecCPJQLQ8j19KQZjDLBgJATfTXLB/responses/007595373-e4de8e827710ca1b5b26002fc0ee80a4878793f129e8b95e0d1831c8ec81b813.json
  OTHER evaluation URL: https://pub-7b4130b6af75472f800371248bca15b6.r2.dev/scorevision/results_soccer/5CoJ1BGeMr5yhLuZRTbPtKyKN19GGkKbQeKSL57Ugw51EFD9/evaluation/007595381-e4de8e827710ca1b5b26002fc0ee80a4878793f129e8b95e0d1831c8ec81b813.json
        responses  URL: https://pub-7b4130b6af75472f800371248bca15b6.r2.dev/scorevision/results_soccer/5CoJ1BGeMr5yhLuZRTbPtKyKN19GGkKbQeKSL57Ugw51EFD9/responses/007595381-e4de8e827710ca1b5b26002fc0ee80a4878793f129e8b95e0d1831c8ec81b813.json
  video            URL: https://scoredata.me/chunks/496c63f865ec4417a0ed2e915331ba.mp4
  +----------------+-----------+-----------+-----------+-----------+
  |                | keypoint  | bbox      | total     | duration  |
  +----------------+-----------+-----------+-----------+-----------+
  | you            | 0.7189    | 0.821     | 0.8057    | 141       |
  | other          | 0.4759    | 0.7316    | 0.6932    | 62        |
  +----------------+-----------+-----------+-----------+-----------+

task_id 53064 [block=7595277]  ->  ✅ You win
  ME    evaluation URL: https://pub-5c8278d7febb4036b4bc7062c4c828c0.r2.dev/scorevision/results_soccer/5EtFwzQfEE3T9kbLpVCeecCPJQLQ8j19KQZjDLBgJATfTXLB/evaluation/007595277-225d12508533c756719800eedf944b53ed400a6e24dff65d515c94ce50c7bcc8.json
        responses  URL: https://pub-5c8278d7febb4036b4bc7062c4c828c0.r2.dev/scorevision/results_soccer/5EtFwzQfEE3T9kbLpVCeecCPJQLQ8j19KQZjDLBgJATfTXLB/responses/007595277-225d12508533c756719800eedf944b53ed400a6e24dff65d515c94ce50c7bcc8.json
  OTHER evaluation URL: https://pub-5c8278d7febb4036b4bc7062c4c828c0.r2.dev/scorevision/results_soccer/5CoJ1BGeMr5yhLuZRTbPtKyKN19GGkKbQeKSL57Ugw51EFD9/evaluation/007595280-225d12508533c756719800eedf944b53ed400a6e24dff65d515c94ce50c7bcc8.json
        responses  URL: https://pub-5c8278d7febb4036b4bc7062c4c828c0.r2.dev/scorevision/results_soccer/5CoJ1BGeMr5yhLuZRTbPtKyKN19GGkKbQeKSL57Ugw51EFD9/responses/007595280-225d12508533c756719800eedf944b53ed400a6e24dff65d515c94ce50c7bcc8.json
  video            URL: https://scoredata.me/chunks/5ad9bd8ac4e1469197a2ba98541597.mp4
  +----------------+-----------+-----------+-----------+-----------+
  |                | keypoint  | bbox      | total     | duration  |
  +----------------+-----------+-----------+-----------+-----------+
  | you            | 0.2363    | 0.9037    | 0.8035    | 129       |
  | other          | 0.1928    | 0.9016    | 0.7953    | 51        |
  +----------------+-----------+-----------+-----------+-----------+
